<?xml version="1.0" encoding="UTF-8"?>
<!-- Generated by org.testng.reporters.JUnitReportReporter -->
<testsuite hostname="PCLT00560" name="example.NewTest" tests="1" failures="0" timestamp="29 Nov 2022 13:41:35 GMT" time="6.210" errors="0">
  <testcase name="testEasy" time="6.210" classname="example.NewTest"/>
</testsuite> <!-- example.NewTest -->
